<?xml version="1.0" encoding="UTF-8" ?>
<testsuites>
  <testsuite errors="0" failures="0" hostname="serpro-1548841" id="0" name="PostIntegrationSpec" package="com.grailsinaction" tests="2" time="0.685" timestamp="2014-10-23T19:50:10">
      <properties />

      <testcase classname="com.grailsinaction.PostIntegrationSpec" name="Adding posts to user links post to user" time="0.659" />

      <testcase classname="com.grailsinaction.PostIntegrationSpec" name="Ensure posts linked to a user can be retrieved" time="0.024" />

      <system-out><![CDATA[--Output from Adding posts to user links post to user--
--Output from Ensure posts linked to a user can be retrieved--
]]></system-out>

      <system-err><![CDATA[--Output from Adding posts to user links post to user--
--Output from Ensure posts linked to a user can be retrieved--
]]></system-err>

  </testsuite>
  <testsuite errors="0" failures="0" hostname="serpro-1548841" id="1" name="UserIntegrationSpec" package="com.grailsinaction" tests="5" time="0.078" timestamp="2014-10-23T19:50:11">
      <properties />

      <testcase classname="com.grailsinaction.UserIntegrationSpec" name="Saving our first user to the database" time="0.014" />

      <testcase classname="com.grailsinaction.UserIntegrationSpec" name="Updating a saved user changes its properties" time="0.009" />

      <testcase classname="com.grailsinaction.UserIntegrationSpec" name="Deleting an existing user removes it from the database" time="0.024" />

      <testcase classname="com.grailsinaction.UserIntegrationSpec" name="Saving a user with invalid properties causes an error" time="0.023" />

      <testcase classname="com.grailsinaction.UserIntegrationSpec" name="Recovering from a failed save by fixing invalid properties" time="0.007" />

      <system-out><![CDATA[--Output from Saving our first user to the database--
--Output from Updating a saved user changes its properties--
--Output from Deleting an existing user removes it from the database--
--Output from Saving a user with invalid properties causes an error--
--Output from Recovering from a failed save by fixing invalid properties--
]]></system-out>

      <system-err><![CDATA[--Output from Saving our first user to the database--
--Output from Updating a saved user changes its properties--
--Output from Deleting an existing user removes it from the database--
--Output from Saving a user with invalid properties causes an error--
--Output from Recovering from a failed save by fixing invalid properties--
]]></system-err>

  </testsuite>
</testsuites>
