<?xml version="1.0" encoding="UTF-8" ?>
<testsuite errors="0" failures="0" hostname="serpro-1548841" name="com.grailsinaction.UserIntegrationSpec" tests="3" time="0.345" timestamp="2014-10-22T18:51:32">
  <properties />
  <testcase classname="com.grailsinaction.UserIntegrationSpec" name="Saving our first user to the database" time="0.289" />
  <testcase classname="com.grailsinaction.UserIntegrationSpec" name="Updating a saved user changes its properties" time="0.013" />
  <testcase classname="com.grailsinaction.UserIntegrationSpec" name="Deleting an existing user removes it from the database" time="0.041" />
  <system-out><![CDATA[--Output from Saving our first user to the database--
--Output from Updating a saved user changes its properties--
--Output from Deleting an existing user removes it from the database--
]]></system-out>
  <system-err><![CDATA[--Output from Saving our first user to the database--
--Output from Updating a saved user changes its properties--
--Output from Deleting an existing user removes it from the database--
]]></system-err>
</testsuite>
