2014-10-22 16:33:34,774 [main] ERROR StackTrace  - Full Stack Trace:
groovy.lang.MissingPropertyException: No such property: longinId for class: com.grailsinaction.User
Possible solutions: loginId
	at com.grailsinaction.UserIntegrationSpec.Saving our first user to the database(UserIntegrationSpec.groovy:22)
2014-10-22 16:33:34,781 [main] ERROR StackTrace  - Full Stack Trace:
groovy.lang.MissingPropertyException: No such property: longinId for class: com.grailsinaction.User
Possible solutions: loginId
	at com.grailsinaction.UserIntegrationSpec.Saving our first user to the database(UserIntegrationSpec.groovy:22)
2014-10-22 16:33:34,786 [main] ERROR StackTrace  - Full Stack Trace:
groovy.lang.MissingPropertyException: No such property: longinId for class: com.grailsinaction.User
Possible solutions: loginId
	at com.grailsinaction.UserIntegrationSpec.Saving our first user to the database(UserIntegrationSpec.groovy:22)
2014-10-22 16:33:34,789 [main] ERROR StackTrace  - Full Stack Trace:
groovy.lang.MissingPropertyException: No such property: longinId for class: com.grailsinaction.User
Possible solutions: loginId
	at com.grailsinaction.UserIntegrationSpec.Saving our first user to the database(UserIntegrationSpec.groovy:22)
2014-10-22 16:33:34,801 [main] ERROR StackTrace  - Full Stack Trace:
groovy.lang.MissingPropertyException: No such property: longinId for class: com.grailsinaction.User
Possible solutions: loginId
	at com.grailsinaction.UserIntegrationSpec.Saving our first user to the database(UserIntegrationSpec.groovy:22)
2014-10-22 16:33:34,803 [main] ERROR StackTrace  - Full Stack Trace:
groovy.lang.MissingPropertyException: No such property: longinId for class: com.grailsinaction.User
Possible solutions: loginId
	at com.grailsinaction.UserIntegrationSpec.Saving our first user to the database(UserIntegrationSpec.groovy:22)
2014-10-22 16:48:37,418 [main] ERROR StackTrace  - Full Stack Trace:
Condition not satisfied:

User.get(existingUser.id).password == "sesame2"
     |   |            |   |        |
     |   |            2   sesame   false
     |   |                         1 difference (85% similarity)
     |   |                         sesame(-)
     |   |                         sesame(2)
     |   com.grailsinaction.User : 2
     com.grailsinaction.User : 2

	at com.grailsinaction.UserIntegrationSpec.Updating a saved user changes its properties(UserIntegrationSpec.groovy:37)
2014-10-22 16:48:37,423 [main] ERROR StackTrace  - Full Stack Trace:
Condition not satisfied:

User.get(existingUser.id).password == "sesame2"
     |   |            |   |        |
     |   |            2   sesame   false
     |   |                         1 difference (85% similarity)
     |   |                         sesame(-)
     |   |                         sesame(2)
     |   com.grailsinaction.User : 2
     com.grailsinaction.User : 2

	at com.grailsinaction.UserIntegrationSpec.Updating a saved user changes its properties(UserIntegrationSpec.groovy:37)
2014-10-22 16:48:37,424 [main] ERROR StackTrace  - Full Stack Trace:
junit.framework.AssertionFailedError: Condition not satisfied:

User.get(existingUser.id).password == "sesame2"
     |   |            |   |        |
     |   |            2   sesame   false
     |   |                         1 difference (85% similarity)
     |   |                         sesame(-)
     |   |                         sesame(2)
     |   com.grailsinaction.User : 2
     com.grailsinaction.User : 2

	at com.grailsinaction.UserIntegrationSpec.Updating a saved user changes its properties(UserIntegrationSpec.groovy:37)
2014-10-22 16:48:37,424 [main] ERROR StackTrace  - Full Stack Trace:
junit.framework.AssertionFailedError: Condition not satisfied:

User.get(existingUser.id).password == "sesame2"
     |   |            |   |        |
     |   |            2   sesame   false
     |   |                         1 difference (85% similarity)
     |   |                         sesame(-)
     |   |                         sesame(2)
     |   com.grailsinaction.User : 2
     com.grailsinaction.User : 2

	at com.grailsinaction.UserIntegrationSpec.Updating a saved user changes its properties(UserIntegrationSpec.groovy:37)
2014-10-22 16:48:37,455 [main] ERROR StackTrace  - Full Stack Trace:
junit.framework.AssertionFailedError: Condition not satisfied:

User.get(existingUser.id).password == "sesame2"
     |   |            |   |        |
     |   |            2   sesame   false
     |   |                         1 difference (85% similarity)
     |   |                         sesame(-)
     |   |                         sesame(2)
     |   com.grailsinaction.User : 2
     com.grailsinaction.User : 2

	at com.grailsinaction.UserIntegrationSpec.Updating a saved user changes its properties(UserIntegrationSpec.groovy:37)
2014-10-22 16:48:37,455 [main] ERROR StackTrace  - Full Stack Trace:
junit.framework.AssertionFailedError: Condition not satisfied:

User.get(existingUser.id).password == "sesame2"
     |   |            |   |        |
     |   |            2   sesame   false
     |   |                         1 difference (85% similarity)
     |   |                         sesame(-)
     |   |                         sesame(2)
     |   com.grailsinaction.User : 2
     com.grailsinaction.User : 2

	at com.grailsinaction.UserIntegrationSpec.Updating a saved user changes its properties(UserIntegrationSpec.groovy:37)
2014-10-23 16:41:23,204 [main] ERROR StackTrace  - Full Stack Trace:
Condition not satisfied:

"tyne" == user.errors.getFieldError("password").rejectedValue
       |  |    |      |                         |
       |  |    |      |                         tiny
       |  |    |      Field error in object 'com.grailsinaction.User' on field 'password': rejected value [tiny]; codes [com.grailsinaction.User.password.size.error.com.grailsinaction.User.password,com.grailsinaction.User.password.size.error.password,com.grailsinaction.User.password.size.error.java.lang.String,com.grailsinaction.User.password.size.error,user.password.size.error.com.grailsinaction.User.password,user.password.size.error.password,user.password.size.error.java.lang.String,user.password.size.error,com.grailsinaction.User.password.size.toosmall.com.grailsinaction.User.password,com.grailsinaction.User.password.size.toosmall.password,com.grailsinaction.User.password.size.toosmall.java.lang.String,com.grailsinaction.User.password.size.toosmall,user.password.size.toosmall.com.grailsinaction.User.password,user.password.size.toosmall.password,user.password.size.toosmall.java.lang.String,user.password.size.toosmall,size.toosmall.com.grailsinaction.User.password,size.toosmall.password,size.toosmall.java.lang.String,size.toosmall]; arguments [password,class com.grailsinaction.User,tiny,6,8]; default message [O campo [{0}] da classe [{1}] com o valor [{2}] não está na faixa de tamanho válida de [{3}] até [{4}]]
       |  |    grails.validation.ValidationErrors: 2 errors
       |  |    Field error in object 'com.grailsinaction.User' on field 'password': rejected value [tiny]; codes [com.grailsinaction.User.password.size.error.com.grailsinaction.User.password,com.grailsinaction.User.password.size.error.password,com.grailsinaction.User.password.size.error.java.lang.String,com.grailsinaction.User.password.size.error,user.password.size.error.com.grailsinaction.User.password,user.password.size.error.password,user.password.size.error.java.lang.String,user.password.size.error,com.grailsinaction.User.password.size.toosmall.com.grailsinaction.User.password,com.grailsinaction.User.password.size.toosmall.password,com.grailsinaction.User.password.size.toosmall.java.lang.String,com.grailsinaction.User.password.size.toosmall,user.password.size.toosmall.com.grailsinaction.User.password,user.password.size.toosmall.password,user.password.size.toosmall.java.lang.String,user.password.size.toosmall,size.toosmall.com.grailsinaction.User.password,size.toosmall.password,size.toosmall.java.lang.String,size.toosmall]; arguments [password,class com.grailsinaction.User,tiny,6,8]; default message [O campo [{0}] da classe [{1}] com o valor [{2}] não está na faixa de tamanho válida de [{3}] até [{4}]]
       |  |    Field error in object 'com.grailsinaction.User' on field 'homepage': rejected value [not-a-url]; codes [com.grailsinaction.User.homepage.url.error.com.grailsinaction.User.homepage,com.grailsinaction.User.homepage.url.error.homepage,com.grailsinaction.User.homepage.url.error.java.lang.String,com.grailsinaction.User.homepage.url.error,user.homepage.url.error.com.grailsinaction.User.homepage,user.homepage.url.error.homepage,user.homepage.url.error.java.lang.String,user.homepage.url.error,com.grailsinaction.User.homepage.url.invalid.com.grailsinaction.User.homepage,com.grailsinaction.User.homepage.url.invalid.homepage,com.grailsinaction.User.homepage.url.invalid.java.lang.String,com.grailsinaction.User.homepage.url.invalid,user.homepage.url.invalid.com.grailsinaction.User.homepage,user.homepage.url.invalid.homepage,user.homepage.url.invalid.java.lang.String,user.homepage.url.invalid,url.invalid.com.grailsinaction.User.homepage,url.invalid.homepage,url.invalid.java.lang.String,url.invalid]; arguments [homepage,class com.grailsinaction.User,not-a-url]; default message [O campo [{0}] da classe [{1}] com o valor [{2}] não é uma URL válida]
       |  com.grailsinaction.User : (unsaved)
       false
       2 differences (50% similarity)
       t(y)n(e)
       t(i)n(y)

	at com.grailsinaction.UserIntegrationSpec.Saving a user with invalid properties causes an error(UserIntegrationSpec.groovy:66)
2014-10-23 16:41:23,208 [main] ERROR StackTrace  - Full Stack Trace:
Condition not satisfied:

"tyne" == user.errors.getFieldError("password").rejectedValue
       |  |    |      |                         |
       |  |    |      |                         tiny
       |  |    |      Field error in object 'com.grailsinaction.User' on field 'password': rejected value [tiny]; codes [com.grailsinaction.User.password.size.error.com.grailsinaction.User.password,com.grailsinaction.User.password.size.error.password,com.grailsinaction.User.password.size.error.java.lang.String,com.grailsinaction.User.password.size.error,user.password.size.error.com.grailsinaction.User.password,user.password.size.error.password,user.password.size.error.java.lang.String,user.password.size.error,com.grailsinaction.User.password.size.toosmall.com.grailsinaction.User.password,com.grailsinaction.User.password.size.toosmall.password,com.grailsinaction.User.password.size.toosmall.java.lang.String,com.grailsinaction.User.password.size.toosmall,user.password.size.toosmall.com.grailsinaction.User.password,user.password.size.toosmall.password,user.password.size.toosmall.java.lang.String,user.password.size.toosmall,size.toosmall.com.grailsinaction.User.password,size.toosmall.password,size.toosmall.java.lang.String,size.toosmall]; arguments [password,class com.grailsinaction.User,tiny,6,8]; default message [O campo [{0}] da classe [{1}] com o valor [{2}] não está na faixa de tamanho válida de [{3}] até [{4}]]
       |  |    grails.validation.ValidationErrors: 2 errors
       |  |    Field error in object 'com.grailsinaction.User' on field 'password': rejected value [tiny]; codes [com.grailsinaction.User.password.size.error.com.grailsinaction.User.password,com.grailsinaction.User.password.size.error.password,com.grailsinaction.User.password.size.error.java.lang.String,com.grailsinaction.User.password.size.error,user.password.size.error.com.grailsinaction.User.password,user.password.size.error.password,user.password.size.error.java.lang.String,user.password.size.error,com.grailsinaction.User.password.size.toosmall.com.grailsinaction.User.password,com.grailsinaction.User.password.size.toosmall.password,com.grailsinaction.User.password.size.toosmall.java.lang.String,com.grailsinaction.User.password.size.toosmall,user.password.size.toosmall.com.grailsinaction.User.password,user.password.size.toosmall.password,user.password.size.toosmall.java.lang.String,user.password.size.toosmall,size.toosmall.com.grailsinaction.User.password,size.toosmall.password,size.toosmall.java.lang.String,size.toosmall]; arguments [password,class com.grailsinaction.User,tiny,6,8]; default message [O campo [{0}] da classe [{1}] com o valor [{2}] não está na faixa de tamanho válida de [{3}] até [{4}]]
       |  |    Field error in object 'com.grailsinaction.User' on field 'homepage': rejected value [not-a-url]; codes [com.grailsinaction.User.homepage.url.error.com.grailsinaction.User.homepage,com.grailsinaction.User.homepage.url.error.homepage,com.grailsinaction.User.homepage.url.error.java.lang.String,com.grailsinaction.User.homepage.url.error,user.homepage.url.error.com.grailsinaction.User.homepage,user.homepage.url.error.homepage,user.homepage.url.error.java.lang.String,user.homepage.url.error,com.grailsinaction.User.homepage.url.invalid.com.grailsinaction.User.homepage,com.grailsinaction.User.homepage.url.invalid.homepage,com.grailsinaction.User.homepage.url.invalid.java.lang.String,com.grailsinaction.User.homepage.url.invalid,user.homepage.url.invalid.com.grailsinaction.User.homepage,user.homepage.url.invalid.homepage,user.homepage.url.invalid.java.lang.String,user.homepage.url.invalid,url.invalid.com.grailsinaction.User.homepage,url.invalid.homepage,url.invalid.java.lang.String,url.invalid]; arguments [homepage,class com.grailsinaction.User,not-a-url]; default message [O campo [{0}] da classe [{1}] com o valor [{2}] não é uma URL válida]
       |  com.grailsinaction.User : (unsaved)
       false
       2 differences (50% similarity)
       t(y)n(e)
       t(i)n(y)

	at com.grailsinaction.UserIntegrationSpec.Saving a user with invalid properties causes an error(UserIntegrationSpec.groovy:66)
2014-10-23 16:41:23,210 [main] ERROR StackTrace  - Full Stack Trace:
junit.framework.AssertionFailedError: Condition not satisfied:

"tyne" == user.errors.getFieldError("password").rejectedValue
       |  |    |      |                         |
       |  |    |      |                         tiny
       |  |    |      Field error in object 'com.grailsinaction.User' on field 'password': rejected value [tiny]; codes [com.grailsinaction.User.password.size.error.com.grailsinaction.User.password,com.grailsinaction.User.password.size.error.password,com.grailsinaction.User.password.size.error.java.lang.String,com.grailsinaction.User.password.size.error,user.password.size.error.com.grailsinaction.User.password,user.password.size.error.password,user.password.size.error.java.lang.String,user.password.size.error,com.grailsinaction.User.password.size.toosmall.com.grailsinaction.User.password,com.grailsinaction.User.password.size.toosmall.password,com.grailsinaction.User.password.size.toosmall.java.lang.String,com.grailsinaction.User.password.size.toosmall,user.password.size.toosmall.com.grailsinaction.User.password,user.password.size.toosmall.password,user.password.size.toosmall.java.lang.String,user.password.size.toosmall,size.toosmall.com.grailsinaction.User.password,size.toosmall.password,size.toosmall.java.lang.String,size.toosmall]; arguments [password,class com.grailsinaction.User,tiny,6,8]; default message [O campo [{0}] da classe [{1}] com o valor [{2}] não está na faixa de tamanho válida de [{3}] até [{4}]]
       |  |    grails.validation.ValidationErrors: 2 errors
       |  |    Field error in object 'com.grailsinaction.User' on field 'password': rejected value [tiny]; codes [com.grailsinaction.User.password.size.error.com.grailsinaction.User.password,com.grailsinaction.User.password.size.error.password,com.grailsinaction.User.password.size.error.java.lang.String,com.grailsinaction.User.password.size.error,user.password.size.error.com.grailsinaction.User.password,user.password.size.error.password,user.password.size.error.java.lang.String,user.password.size.error,com.grailsinaction.User.password.size.toosmall.com.grailsinaction.User.password,com.grailsinaction.User.password.size.toosmall.password,com.grailsinaction.User.password.size.toosmall.java.lang.String,com.grailsinaction.User.password.size.toosmall,user.password.size.toosmall.com.grailsinaction.User.password,user.password.size.toosmall.password,user.password.size.toosmall.java.lang.String,user.password.size.toosmall,size.toosmall.com.grailsinaction.User.password,size.toosmall.password,size.toosmall.java.lang.String,size.toosmall]; arguments [password,class com.grailsinaction.User,tiny,6,8]; default message [O campo [{0}] da classe [{1}] com o valor [{2}] não está na faixa de tamanho válida de [{3}] até [{4}]]
       |  |    Field error in object 'com.grailsinaction.User' on field 'homepage': rejected value [not-a-url]; codes [com.grailsinaction.User.homepage.url.error.com.grailsinaction.User.homepage,com.grailsinaction.User.homepage.url.error.homepage,com.grailsinaction.User.homepage.url.error.java.lang.String,com.grailsinaction.User.homepage.url.error,user.homepage.url.error.com.grailsinaction.User.homepage,user.homepage.url.error.homepage,user.homepage.url.error.java.lang.String,user.homepage.url.error,com.grailsinaction.User.homepage.url.invalid.com.grailsinaction.User.homepage,com.grailsinaction.User.homepage.url.invalid.homepage,com.grailsinaction.User.homepage.url.invalid.java.lang.String,com.grailsinaction.User.homepage.url.invalid,user.homepage.url.invalid.com.grailsinaction.User.homepage,user.homepage.url.invalid.homepage,user.homepage.url.invalid.java.lang.String,user.homepage.url.invalid,url.invalid.com.grailsinaction.User.homepage,url.invalid.homepage,url.invalid.java.lang.String,url.invalid]; arguments [homepage,class com.grailsinaction.User,not-a-url]; default message [O campo [{0}] da classe [{1}] com o valor [{2}] não é uma URL válida]
       |  com.grailsinaction.User : (unsaved)
       false
       2 differences (50% similarity)
       t(y)n(e)
       t(i)n(y)

	at com.grailsinaction.UserIntegrationSpec.Saving a user with invalid properties causes an error(UserIntegrationSpec.groovy:66)
2014-10-23 16:41:23,211 [main] ERROR StackTrace  - Full Stack Trace:
junit.framework.AssertionFailedError: Condition not satisfied:

"tyne" == user.errors.getFieldError("password").rejectedValue
       |  |    |      |                         |
       |  |    |      |                         tiny
       |  |    |      Field error in object 'com.grailsinaction.User' on field 'password': rejected value [tiny]; codes [com.grailsinaction.User.password.size.error.com.grailsinaction.User.password,com.grailsinaction.User.password.size.error.password,com.grailsinaction.User.password.size.error.java.lang.String,com.grailsinaction.User.password.size.error,user.password.size.error.com.grailsinaction.User.password,user.password.size.error.password,user.password.size.error.java.lang.String,user.password.size.error,com.grailsinaction.User.password.size.toosmall.com.grailsinaction.User.password,com.grailsinaction.User.password.size.toosmall.password,com.grailsinaction.User.password.size.toosmall.java.lang.String,com.grailsinaction.User.password.size.toosmall,user.password.size.toosmall.com.grailsinaction.User.password,user.password.size.toosmall.password,user.password.size.toosmall.java.lang.String,user.password.size.toosmall,size.toosmall.com.grailsinaction.User.password,size.toosmall.password,size.toosmall.java.lang.String,size.toosmall]; arguments [password,class com.grailsinaction.User,tiny,6,8]; default message [O campo [{0}] da classe [{1}] com o valor [{2}] não está na faixa de tamanho válida de [{3}] até [{4}]]
       |  |    grails.validation.ValidationErrors: 2 errors
       |  |    Field error in object 'com.grailsinaction.User' on field 'password': rejected value [tiny]; codes [com.grailsinaction.User.password.size.error.com.grailsinaction.User.password,com.grailsinaction.User.password.size.error.password,com.grailsinaction.User.password.size.error.java.lang.String,com.grailsinaction.User.password.size.error,user.password.size.error.com.grailsinaction.User.password,user.password.size.error.password,user.password.size.error.java.lang.String,user.password.size.error,com.grailsinaction.User.password.size.toosmall.com.grailsinaction.User.password,com.grailsinaction.User.password.size.toosmall.password,com.grailsinaction.User.password.size.toosmall.java.lang.String,com.grailsinaction.User.password.size.toosmall,user.password.size.toosmall.com.grailsinaction.User.password,user.password.size.toosmall.password,user.password.size.toosmall.java.lang.String,user.password.size.toosmall,size.toosmall.com.grailsinaction.User.password,size.toosmall.password,size.toosmall.java.lang.String,size.toosmall]; arguments [password,class com.grailsinaction.User,tiny,6,8]; default message [O campo [{0}] da classe [{1}] com o valor [{2}] não está na faixa de tamanho válida de [{3}] até [{4}]]
       |  |    Field error in object 'com.grailsinaction.User' on field 'homepage': rejected value [not-a-url]; codes [com.grailsinaction.User.homepage.url.error.com.grailsinaction.User.homepage,com.grailsinaction.User.homepage.url.error.homepage,com.grailsinaction.User.homepage.url.error.java.lang.String,com.grailsinaction.User.homepage.url.error,user.homepage.url.error.com.grailsinaction.User.homepage,user.homepage.url.error.homepage,user.homepage.url.error.java.lang.String,user.homepage.url.error,com.grailsinaction.User.homepage.url.invalid.com.grailsinaction.User.homepage,com.grailsinaction.User.homepage.url.invalid.homepage,com.grailsinaction.User.homepage.url.invalid.java.lang.String,com.grailsinaction.User.homepage.url.invalid,user.homepage.url.invalid.com.grailsinaction.User.homepage,user.homepage.url.invalid.homepage,user.homepage.url.invalid.java.lang.String,user.homepage.url.invalid,url.invalid.com.grailsinaction.User.homepage,url.invalid.homepage,url.invalid.java.lang.String,url.invalid]; arguments [homepage,class com.grailsinaction.User,not-a-url]; default message [O campo [{0}] da classe [{1}] com o valor [{2}] não é uma URL válida]
       |  com.grailsinaction.User : (unsaved)
       false
       2 differences (50% similarity)
       t(y)n(e)
       t(i)n(y)

	at com.grailsinaction.UserIntegrationSpec.Saving a user with invalid properties causes an error(UserIntegrationSpec.groovy:66)
2014-10-23 16:41:23,222 [main] ERROR StackTrace  - Full Stack Trace:
junit.framework.AssertionFailedError: Condition not satisfied:

"tyne" == user.errors.getFieldError("password").rejectedValue
       |  |    |      |                         |
       |  |    |      |                         tiny
       |  |    |      Field error in object 'com.grailsinaction.User' on field 'password': rejected value [tiny]; codes [com.grailsinaction.User.password.size.error.com.grailsinaction.User.password,com.grailsinaction.User.password.size.error.password,com.grailsinaction.User.password.size.error.java.lang.String,com.grailsinaction.User.password.size.error,user.password.size.error.com.grailsinaction.User.password,user.password.size.error.password,user.password.size.error.java.lang.String,user.password.size.error,com.grailsinaction.User.password.size.toosmall.com.grailsinaction.User.password,com.grailsinaction.User.password.size.toosmall.password,com.grailsinaction.User.password.size.toosmall.java.lang.String,com.grailsinaction.User.password.size.toosmall,user.password.size.toosmall.com.grailsinaction.User.password,user.password.size.toosmall.password,user.password.size.toosmall.java.lang.String,user.password.size.toosmall,size.toosmall.com.grailsinaction.User.password,size.toosmall.password,size.toosmall.java.lang.String,size.toosmall]; arguments [password,class com.grailsinaction.User,tiny,6,8]; default message [O campo [{0}] da classe [{1}] com o valor [{2}] não está na faixa de tamanho válida de [{3}] até [{4}]]
       |  |    grails.validation.ValidationErrors: 2 errors
       |  |    Field error in object 'com.grailsinaction.User' on field 'password': rejected value [tiny]; codes [com.grailsinaction.User.password.size.error.com.grailsinaction.User.password,com.grailsinaction.User.password.size.error.password,com.grailsinaction.User.password.size.error.java.lang.String,com.grailsinaction.User.password.size.error,user.password.size.error.com.grailsinaction.User.password,user.password.size.error.password,user.password.size.error.java.lang.String,user.password.size.error,com.grailsinaction.User.password.size.toosmall.com.grailsinaction.User.password,com.grailsinaction.User.password.size.toosmall.password,com.grailsinaction.User.password.size.toosmall.java.lang.String,com.grailsinaction.User.password.size.toosmall,user.password.size.toosmall.com.grailsinaction.User.password,user.password.size.toosmall.password,user.password.size.toosmall.java.lang.String,user.password.size.toosmall,size.toosmall.com.grailsinaction.User.password,size.toosmall.password,size.toosmall.java.lang.String,size.toosmall]; arguments [password,class com.grailsinaction.User,tiny,6,8]; default message [O campo [{0}] da classe [{1}] com o valor [{2}] não está na faixa de tamanho válida de [{3}] até [{4}]]
       |  |    Field error in object 'com.grailsinaction.User' on field 'homepage': rejected value [not-a-url]; codes [com.grailsinaction.User.homepage.url.error.com.grailsinaction.User.homepage,com.grailsinaction.User.homepage.url.error.homepage,com.grailsinaction.User.homepage.url.error.java.lang.String,com.grailsinaction.User.homepage.url.error,user.homepage.url.error.com.grailsinaction.User.homepage,user.homepage.url.error.homepage,user.homepage.url.error.java.lang.String,user.homepage.url.error,com.grailsinaction.User.homepage.url.invalid.com.grailsinaction.User.homepage,com.grailsinaction.User.homepage.url.invalid.homepage,com.grailsinaction.User.homepage.url.invalid.java.lang.String,com.grailsinaction.User.homepage.url.invalid,user.homepage.url.invalid.com.grailsinaction.User.homepage,user.homepage.url.invalid.homepage,user.homepage.url.invalid.java.lang.String,user.homepage.url.invalid,url.invalid.com.grailsinaction.User.homepage,url.invalid.homepage,url.invalid.java.lang.String,url.invalid]; arguments [homepage,class com.grailsinaction.User,not-a-url]; default message [O campo [{0}] da classe [{1}] com o valor [{2}] não é uma URL válida]
       |  com.grailsinaction.User : (unsaved)
       false
       2 differences (50% similarity)
       t(y)n(e)
       t(i)n(y)

	at com.grailsinaction.UserIntegrationSpec.Saving a user with invalid properties causes an error(UserIntegrationSpec.groovy:66)
2014-10-23 16:41:23,222 [main] ERROR StackTrace  - Full Stack Trace:
junit.framework.AssertionFailedError: Condition not satisfied:

"tyne" == user.errors.getFieldError("password").rejectedValue
       |  |    |      |                         |
       |  |    |      |                         tiny
       |  |    |      Field error in object 'com.grailsinaction.User' on field 'password': rejected value [tiny]; codes [com.grailsinaction.User.password.size.error.com.grailsinaction.User.password,com.grailsinaction.User.password.size.error.password,com.grailsinaction.User.password.size.error.java.lang.String,com.grailsinaction.User.password.size.error,user.password.size.error.com.grailsinaction.User.password,user.password.size.error.password,user.password.size.error.java.lang.String,user.password.size.error,com.grailsinaction.User.password.size.toosmall.com.grailsinaction.User.password,com.grailsinaction.User.password.size.toosmall.password,com.grailsinaction.User.password.size.toosmall.java.lang.String,com.grailsinaction.User.password.size.toosmall,user.password.size.toosmall.com.grailsinaction.User.password,user.password.size.toosmall.password,user.password.size.toosmall.java.lang.String,user.password.size.toosmall,size.toosmall.com.grailsinaction.User.password,size.toosmall.password,size.toosmall.java.lang.String,size.toosmall]; arguments [password,class com.grailsinaction.User,tiny,6,8]; default message [O campo [{0}] da classe [{1}] com o valor [{2}] não está na faixa de tamanho válida de [{3}] até [{4}]]
       |  |    grails.validation.ValidationErrors: 2 errors
       |  |    Field error in object 'com.grailsinaction.User' on field 'password': rejected value [tiny]; codes [com.grailsinaction.User.password.size.error.com.grailsinaction.User.password,com.grailsinaction.User.password.size.error.password,com.grailsinaction.User.password.size.error.java.lang.String,com.grailsinaction.User.password.size.error,user.password.size.error.com.grailsinaction.User.password,user.password.size.error.password,user.password.size.error.java.lang.String,user.password.size.error,com.grailsinaction.User.password.size.toosmall.com.grailsinaction.User.password,com.grailsinaction.User.password.size.toosmall.password,com.grailsinaction.User.password.size.toosmall.java.lang.String,com.grailsinaction.User.password.size.toosmall,user.password.size.toosmall.com.grailsinaction.User.password,user.password.size.toosmall.password,user.password.size.toosmall.java.lang.String,user.password.size.toosmall,size.toosmall.com.grailsinaction.User.password,size.toosmall.password,size.toosmall.java.lang.String,size.toosmall]; arguments [password,class com.grailsinaction.User,tiny,6,8]; default message [O campo [{0}] da classe [{1}] com o valor [{2}] não está na faixa de tamanho válida de [{3}] até [{4}]]
       |  |    Field error in object 'com.grailsinaction.User' on field 'homepage': rejected value [not-a-url]; codes [com.grailsinaction.User.homepage.url.error.com.grailsinaction.User.homepage,com.grailsinaction.User.homepage.url.error.homepage,com.grailsinaction.User.homepage.url.error.java.lang.String,com.grailsinaction.User.homepage.url.error,user.homepage.url.error.com.grailsinaction.User.homepage,user.homepage.url.error.homepage,user.homepage.url.error.java.lang.String,user.homepage.url.error,com.grailsinaction.User.homepage.url.invalid.com.grailsinaction.User.homepage,com.grailsinaction.User.homepage.url.invalid.homepage,com.grailsinaction.User.homepage.url.invalid.java.lang.String,com.grailsinaction.User.homepage.url.invalid,user.homepage.url.invalid.com.grailsinaction.User.homepage,user.homepage.url.invalid.homepage,user.homepage.url.invalid.java.lang.String,user.homepage.url.invalid,url.invalid.com.grailsinaction.User.homepage,url.invalid.homepage,url.invalid.java.lang.String,url.invalid]; arguments [homepage,class com.grailsinaction.User,not-a-url]; default message [O campo [{0}] da classe [{1}] com o valor [{2}] não é uma URL válida]
       |  com.grailsinaction.User : (unsaved)
       false
       2 differences (50% similarity)
       t(y)n(e)
       t(i)n(y)

	at com.grailsinaction.UserIntegrationSpec.Saving a user with invalid properties causes an error(UserIntegrationSpec.groovy:66)
2014-10-23 16:47:32,159 [main] ERROR StackTrace  - Full Stack Trace:
groovy.lang.MissingPropertyException: No such property: hasErrors for class: com.grailsinaction.User
	at com.grailsinaction.UserIntegrationSpec.Recovering from a failed save by fixing invalid properties(UserIntegrationSpec.groovy:77)
2014-10-23 16:47:32,203 [main] ERROR StackTrace  - Full Stack Trace:
groovy.lang.MissingPropertyException: No such property: hasErrors for class: com.grailsinaction.User
	at com.grailsinaction.UserIntegrationSpec.Recovering from a failed save by fixing invalid properties(UserIntegrationSpec.groovy:77)
2014-10-23 16:47:32,208 [main] ERROR StackTrace  - Full Stack Trace:
groovy.lang.MissingPropertyException: No such property: hasErrors for class: com.grailsinaction.User
	at com.grailsinaction.UserIntegrationSpec.Recovering from a failed save by fixing invalid properties(UserIntegrationSpec.groovy:77)
2014-10-23 16:47:32,209 [main] ERROR StackTrace  - Full Stack Trace:
groovy.lang.MissingPropertyException: No such property: hasErrors for class: com.grailsinaction.User
	at com.grailsinaction.UserIntegrationSpec.Recovering from a failed save by fixing invalid properties(UserIntegrationSpec.groovy:77)
2014-10-23 16:47:32,219 [main] ERROR StackTrace  - Full Stack Trace:
groovy.lang.MissingPropertyException: No such property: hasErrors for class: com.grailsinaction.User
	at com.grailsinaction.UserIntegrationSpec.Recovering from a failed save by fixing invalid properties(UserIntegrationSpec.groovy:77)
2014-10-23 16:47:32,220 [main] ERROR StackTrace  - Full Stack Trace:
groovy.lang.MissingPropertyException: No such property: hasErrors for class: com.grailsinaction.User
	at com.grailsinaction.UserIntegrationSpec.Recovering from a failed save by fixing invalid properties(UserIntegrationSpec.groovy:77)
2014-10-23 17:12:22,041 [main] ERROR StackTrace  - Full Stack Trace:
java.lang.Exception: No tests found matching grails test target pattern filter from org.junit.runner.Request$1@1a8881b
	at org.junit.internal.requests.FilterRequest.getRunner(FilterRequest.java:35)
	at org.junit.runner.JUnitCore.run(JUnitCore.java:138)
	at org.junit.runner.JUnitCore$run$0.call(Unknown Source)
	at org.codehaus.groovy.runtime.callsite.CallSiteArray.defaultCall(CallSiteArray.java:45)
	at org.codehaus.groovy.runtime.callsite.AbstractCallSite.call(AbstractCallSite.java:108)
	at org.codehaus.groovy.runtime.callsite.AbstractCallSite.call(AbstractCallSite.java:116)
	at org.codehaus.groovy.grails.test.spock.GrailsSpecTestType.doRun(GrailsSpecTestType.groovy:149)
	at org.codehaus.groovy.grails.test.support.GrailsTestTypeSupport.run(GrailsTestTypeSupport.groovy:121)
	at org.codehaus.groovy.grails.test.runner.GrailsProjectTestRunner.runTests(GrailsProjectTestRunner.groovy:417)
	at org.codehaus.groovy.grails.test.runner.GrailsProjectTestRunner.processTests(GrailsProjectTestRunner.groovy:397)
	at sun.reflect.NativeMethodAccessorImpl.invoke0(Native Method)
	at sun.reflect.NativeMethodAccessorImpl.invoke(NativeMethodAccessorImpl.java:57)
	at sun.reflect.DelegatingMethodAccessorImpl.invoke(DelegatingMethodAccessorImpl.java:43)
	at java.lang.reflect.Method.invoke(Method.java:606)
	at org.springsource.loaded.ri.ReflectiveInterceptor.jlrMethodInvoke(ReflectiveInterceptor.java:1254)
	at org.codehaus.groovy.reflection.CachedMethod.invoke(CachedMethod.java:90)
	at groovy.lang.MetaMethod.doMethodInvoke(MetaMethod.java:233)
	at groovy.lang.MetaClassImpl.invokeMethod(MetaClassImpl.java:1086)
	at groovy.lang.ExpandoMetaClass.invokeMethod(ExpandoMetaClass.java:1110)
	at groovy.lang.MetaClassImpl.invokeMethod(MetaClassImpl.java:910)
	at groovy.lang.MetaClassImpl.invokeMethod(MetaClassImpl.java:1031)
	at groovy.lang.ExpandoMetaClass.invokeMethod(ExpandoMetaClass.java:1110)
	at groovy.lang.MetaClassImpl.invokeMethod(MetaClassImpl.java:910)
	at org.codehaus.groovy.runtime.callsite.PogoMetaClassSite.callCurrent(PogoMetaClassSite.java:66)
	at org.codehaus.groovy.runtime.callsite.CallSiteArray.defaultCallCurrent(CallSiteArray.java:49)
	at org.codehaus.groovy.runtime.callsite.AbstractCallSite.callCurrent(AbstractCallSite.java:133)
	at org.codehaus.groovy.runtime.callsite.AbstractCallSite.callCurrent(AbstractCallSite.java:141)
	at org.codehaus.groovy.grails.test.runner.GrailsProjectTestRunner$_runAllTests_closure7.doCall(GrailsProjectTestRunner.groovy:315)
	at sun.reflect.NativeMethodAccessorImpl.invoke0(Native Method)
	at sun.reflect.NativeMethodAccessorImpl.invoke(NativeMethodAccessorImpl.java:57)
	at sun.reflect.DelegatingMethodAccessorImpl.invoke(DelegatingMethodAccessorImpl.java:43)
	at java.lang.reflect.Method.invoke(Method.java:606)
	at org.springsource.loaded.ri.ReflectiveInterceptor.jlrMethodInvoke(ReflectiveInterceptor.java:1254)
	at org.codehaus.groovy.reflection.CachedMethod.invoke(CachedMethod.java:90)
	at groovy.lang.MetaMethod.doMethodInvoke(MetaMethod.java:233)
	at groovy.lang.MetaClassImpl.invokeMethod(MetaClassImpl.java:1086)
	at groovy.lang.ExpandoMetaClass.invokeMethod(ExpandoMetaClass.java:1110)
	at groovy.lang.MetaClassImpl.invokeMethod(MetaClassImpl.java:910)
	at groovy.lang.Closure.call(Closure.java:411)
	at org.codehaus.groovy.runtime.DefaultGroovyMethods.callClosureForMapEntry(DefaultGroovyMethods.java:3873)
	at org.codehaus.groovy.runtime.DefaultGroovyMethods.each(DefaultGroovyMethods.java:1354)
	at org.codehaus.groovy.runtime.dgm$149.invoke(Unknown Source)
	at org.codehaus.groovy.runtime.callsite.PojoMetaMethodSite$PojoMetaMethodSiteNoUnwrapNoCoerce.invoke(PojoMetaMethodSite.java:271)
	at org.codehaus.groovy.runtime.callsite.PojoMetaMethodSite.call(PojoMetaMethodSite.java:53)
	at org.codehaus.groovy.runtime.callsite.CallSiteArray.defaultCall(CallSiteArray.java:45)
	at org.codehaus.groovy.runtime.callsite.AbstractCallSite.call(AbstractCallSite.java:108)
	at org.codehaus.groovy.runtime.callsite.AbstractCallSite.call(AbstractCallSite.java:116)
	at org.codehaus.groovy.grails.test.runner.GrailsProjectTestRunner.runAllTests(GrailsProjectTestRunner.groovy:301)
	at org.codehaus.groovy.grails.test.runner.GrailsProjectTestRunner.runAllTests(GrailsProjectTestRunner.groovy:216)
	at org.codehaus.groovy.grails.test.runner.GrailsProjectTestRunner.runAllTests(GrailsProjectTestRunner.groovy)
	at org.codehaus.groovy.grails.test.runner.GrailsProjectTestRunner$runAllTests$0.call(Unknown Source)
	at org.codehaus.groovy.runtime.callsite.CallSiteArray.defaultCall(CallSiteArray.java:45)
	at org.codehaus.groovy.runtime.callsite.AbstractCallSite.call(AbstractCallSite.java:108)
	at org.codehaus.groovy.runtime.callsite.AbstractCallSite.call(AbstractCallSite.java:116)
	at org.codehaus.groovy.grails.cli.fork.testing.ForkedGrailsTestRunner.runInstance(ForkedGrailsTestRunner.groovy:128)
	at org.codehaus.groovy.grails.cli.fork.ForkedGrailsProjectClassExecutor.run(ForkedGrailsProjectClassExecutor.groovy:74)
	at org.codehaus.groovy.grails.cli.fork.testing.ForkedGrailsTestRunner.main(ForkedGrailsTestRunner.groovy:75)
2014-10-23 17:12:22,044 [main] ERROR StackTrace  - Full Stack Trace:
java.lang.Exception: No tests found matching grails test target pattern filter from org.junit.runner.Request$1@1a8881b
	at org.junit.internal.requests.FilterRequest.getRunner(FilterRequest.java:35)
	at org.junit.runner.JUnitCore.run(JUnitCore.java:138)
2014-10-23 17:12:22,045 [main] ERROR StackTrace  - Full Stack Trace:
java.lang.Exception: No tests found matching grails test target pattern filter from org.junit.runner.Request$1@1a8881b
	at org.junit.internal.requests.FilterRequest.getRunner(FilterRequest.java:35)
	at org.junit.runner.JUnitCore.run(JUnitCore.java:138)
2014-10-23 17:12:22,045 [main] ERROR StackTrace  - Full Stack Trace:
java.lang.Exception: No tests found matching grails test target pattern filter from org.junit.runner.Request$1@1a8881b
	at org.junit.internal.requests.FilterRequest.getRunner(FilterRequest.java:35)
	at org.junit.runner.JUnitCore.run(JUnitCore.java:138)
2014-10-23 17:12:22,052 [main] ERROR StackTrace  - Full Stack Trace:
java.lang.Exception: No tests found matching grails test target pattern filter from org.junit.runner.Request$1@1a8881b
	at org.junit.internal.requests.FilterRequest.getRunner(FilterRequest.java:35)
	at org.junit.runner.JUnitCore.run(JUnitCore.java:138)
2014-10-23 17:12:22,052 [main] ERROR StackTrace  - Full Stack Trace:
java.lang.Exception: No tests found matching grails test target pattern filter from org.junit.runner.Request$1@1a8881b
	at org.junit.internal.requests.FilterRequest.getRunner(FilterRequest.java:35)
	at org.junit.runner.JUnitCore.run(JUnitCore.java:138)
2014-10-23 17:12:31,128 [main] ERROR StackTrace  - Full Stack Trace:
java.lang.NullPointerException: Cannot get property 'code' on null object
	at com.grailsinaction.UserIntegrationSpec.Saving a user with invalid properties causes an error(UserIntegrationSpec.groovy:67)
2014-10-23 17:12:31,128 [main] ERROR StackTrace  - Full Stack Trace:
java.lang.NullPointerException: Cannot get property 'code' on null object
	at com.grailsinaction.UserIntegrationSpec.Saving a user with invalid properties causes an error(UserIntegrationSpec.groovy:67)
2014-10-23 17:12:31,128 [main] ERROR StackTrace  - Full Stack Trace:
java.lang.NullPointerException: Cannot get property 'code' on null object
	at com.grailsinaction.UserIntegrationSpec.Saving a user with invalid properties causes an error(UserIntegrationSpec.groovy:67)
2014-10-23 17:12:31,128 [main] ERROR StackTrace  - Full Stack Trace:
java.lang.NullPointerException: Cannot get property 'code' on null object
	at com.grailsinaction.UserIntegrationSpec.Saving a user with invalid properties causes an error(UserIntegrationSpec.groovy:67)
2014-10-23 17:12:31,129 [main] ERROR StackTrace  - Full Stack Trace:
java.lang.NullPointerException: Cannot get property 'code' on null object
	at com.grailsinaction.UserIntegrationSpec.Saving a user with invalid properties causes an error(UserIntegrationSpec.groovy:67)
2014-10-23 17:12:31,129 [main] ERROR StackTrace  - Full Stack Trace:
java.lang.NullPointerException: Cannot get property 'code' on null object
	at com.grailsinaction.UserIntegrationSpec.Saving a user with invalid properties causes an error(UserIntegrationSpec.groovy:67)
2014-10-23 17:12:31,134 [main] ERROR StackTrace  - Full Stack Trace:
groovy.lang.MissingPropertyException: No such property: homepage for class: com.grailsinaction.User
	at com.grailsinaction.UserIntegrationSpec.Recovering from a failed save by fixing invalid properties(UserIntegrationSpec.groovy:81)
2014-10-23 17:12:31,138 [main] ERROR StackTrace  - Full Stack Trace:
groovy.lang.MissingPropertyException: No such property: homepage for class: com.grailsinaction.User
	at com.grailsinaction.UserIntegrationSpec.Recovering from a failed save by fixing invalid properties(UserIntegrationSpec.groovy:81)
2014-10-23 17:12:31,141 [main] ERROR StackTrace  - Full Stack Trace:
groovy.lang.MissingPropertyException: No such property: homepage for class: com.grailsinaction.User
	at com.grailsinaction.UserIntegrationSpec.Recovering from a failed save by fixing invalid properties(UserIntegrationSpec.groovy:81)
2014-10-23 17:12:31,142 [main] ERROR StackTrace  - Full Stack Trace:
groovy.lang.MissingPropertyException: No such property: homepage for class: com.grailsinaction.User
	at com.grailsinaction.UserIntegrationSpec.Recovering from a failed save by fixing invalid properties(UserIntegrationSpec.groovy:81)
2014-10-23 17:12:31,147 [main] ERROR StackTrace  - Full Stack Trace:
groovy.lang.MissingPropertyException: No such property: homepage for class: com.grailsinaction.User
	at com.grailsinaction.UserIntegrationSpec.Recovering from a failed save by fixing invalid properties(UserIntegrationSpec.groovy:81)
2014-10-23 17:12:31,149 [main] ERROR StackTrace  - Full Stack Trace:
groovy.lang.MissingPropertyException: No such property: homepage for class: com.grailsinaction.User
	at com.grailsinaction.UserIntegrationSpec.Recovering from a failed save by fixing invalid properties(UserIntegrationSpec.groovy:81)
2014-10-23 17:16:30,169 [main] ERROR StackTrace  - Full Stack Trace:
java.lang.Exception: No tests found matching grails test target pattern filter from org.junit.runner.Request$1@116f155
	at org.junit.internal.requests.FilterRequest.getRunner(FilterRequest.java:35)
	at org.junit.runner.JUnitCore.run(JUnitCore.java:138)
	at org.junit.runner.JUnitCore$run$0.call(Unknown Source)
	at org.codehaus.groovy.runtime.callsite.CallSiteArray.defaultCall(CallSiteArray.java:45)
	at org.codehaus.groovy.runtime.callsite.AbstractCallSite.call(AbstractCallSite.java:108)
	at org.codehaus.groovy.runtime.callsite.AbstractCallSite.call(AbstractCallSite.java:116)
	at org.codehaus.groovy.grails.test.spock.GrailsSpecTestType.doRun(GrailsSpecTestType.groovy:149)
	at org.codehaus.groovy.grails.test.support.GrailsTestTypeSupport.run(GrailsTestTypeSupport.groovy:121)
	at org.codehaus.groovy.grails.test.runner.GrailsProjectTestRunner.runTests(GrailsProjectTestRunner.groovy:417)
	at org.codehaus.groovy.grails.test.runner.GrailsProjectTestRunner.processTests(GrailsProjectTestRunner.groovy:397)
	at sun.reflect.NativeMethodAccessorImpl.invoke0(Native Method)
	at sun.reflect.NativeMethodAccessorImpl.invoke(NativeMethodAccessorImpl.java:57)
	at sun.reflect.DelegatingMethodAccessorImpl.invoke(DelegatingMethodAccessorImpl.java:43)
	at java.lang.reflect.Method.invoke(Method.java:606)
	at org.springsource.loaded.ri.ReflectiveInterceptor.jlrMethodInvoke(ReflectiveInterceptor.java:1254)
	at org.codehaus.groovy.reflection.CachedMethod.invoke(CachedMethod.java:90)
	at groovy.lang.MetaMethod.doMethodInvoke(MetaMethod.java:233)
	at groovy.lang.MetaClassImpl.invokeMethod(MetaClassImpl.java:1086)
	at groovy.lang.ExpandoMetaClass.invokeMethod(ExpandoMetaClass.java:1110)
	at groovy.lang.MetaClassImpl.invokeMethod(MetaClassImpl.java:910)
	at groovy.lang.MetaClassImpl.invokeMethod(MetaClassImpl.java:1031)
	at groovy.lang.ExpandoMetaClass.invokeMethod(ExpandoMetaClass.java:1110)
	at groovy.lang.MetaClassImpl.invokeMethod(MetaClassImpl.java:910)
	at org.codehaus.groovy.runtime.callsite.PogoMetaClassSite.callCurrent(PogoMetaClassSite.java:66)
	at org.codehaus.groovy.runtime.callsite.CallSiteArray.defaultCallCurrent(CallSiteArray.java:49)
	at org.codehaus.groovy.runtime.callsite.AbstractCallSite.callCurrent(AbstractCallSite.java:133)
	at org.codehaus.groovy.runtime.callsite.AbstractCallSite.callCurrent(AbstractCallSite.java:141)
	at org.codehaus.groovy.grails.test.runner.GrailsProjectTestRunner$_runAllTests_closure7.doCall(GrailsProjectTestRunner.groovy:315)
	at sun.reflect.NativeMethodAccessorImpl.invoke0(Native Method)
	at sun.reflect.NativeMethodAccessorImpl.invoke(NativeMethodAccessorImpl.java:57)
	at sun.reflect.DelegatingMethodAccessorImpl.invoke(DelegatingMethodAccessorImpl.java:43)
	at java.lang.reflect.Method.invoke(Method.java:606)
	at org.springsource.loaded.ri.ReflectiveInterceptor.jlrMethodInvoke(ReflectiveInterceptor.java:1254)
	at org.codehaus.groovy.reflection.CachedMethod.invoke(CachedMethod.java:90)
	at groovy.lang.MetaMethod.doMethodInvoke(MetaMethod.java:233)
	at groovy.lang.MetaClassImpl.invokeMethod(MetaClassImpl.java:1086)
	at groovy.lang.ExpandoMetaClass.invokeMethod(ExpandoMetaClass.java:1110)
	at groovy.lang.MetaClassImpl.invokeMethod(MetaClassImpl.java:910)
	at groovy.lang.Closure.call(Closure.java:411)
	at org.codehaus.groovy.runtime.DefaultGroovyMethods.callClosureForMapEntry(DefaultGroovyMethods.java:3873)
	at org.codehaus.groovy.runtime.DefaultGroovyMethods.each(DefaultGroovyMethods.java:1354)
	at org.codehaus.groovy.runtime.dgm$149.invoke(Unknown Source)
	at org.codehaus.groovy.runtime.callsite.PojoMetaMethodSite$PojoMetaMethodSiteNoUnwrapNoCoerce.invoke(PojoMetaMethodSite.java:271)
	at org.codehaus.groovy.runtime.callsite.PojoMetaMethodSite.call(PojoMetaMethodSite.java:53)
	at org.codehaus.groovy.runtime.callsite.CallSiteArray.defaultCall(CallSiteArray.java:45)
	at org.codehaus.groovy.runtime.callsite.AbstractCallSite.call(AbstractCallSite.java:108)
	at org.codehaus.groovy.runtime.callsite.AbstractCallSite.call(AbstractCallSite.java:116)
	at org.codehaus.groovy.grails.test.runner.GrailsProjectTestRunner.runAllTests(GrailsProjectTestRunner.groovy:301)
	at org.codehaus.groovy.grails.test.runner.GrailsProjectTestRunner.runAllTests(GrailsProjectTestRunner.groovy:216)
	at org.codehaus.groovy.grails.test.runner.GrailsProjectTestRunner.runAllTests(GrailsProjectTestRunner.groovy)
	at org.codehaus.groovy.grails.test.runner.GrailsProjectTestRunner$runAllTests$0.call(Unknown Source)
	at org.codehaus.groovy.runtime.callsite.CallSiteArray.defaultCall(CallSiteArray.java:45)
	at org.codehaus.groovy.runtime.callsite.AbstractCallSite.call(AbstractCallSite.java:108)
	at org.codehaus.groovy.runtime.callsite.AbstractCallSite.call(AbstractCallSite.java:116)
	at org.codehaus.groovy.grails.cli.fork.testing.ForkedGrailsTestRunner.runInstance(ForkedGrailsTestRunner.groovy:128)
	at org.codehaus.groovy.grails.cli.fork.ForkedGrailsProjectClassExecutor.run(ForkedGrailsProjectClassExecutor.groovy:74)
	at org.codehaus.groovy.grails.cli.fork.testing.ForkedGrailsTestRunner.main(ForkedGrailsTestRunner.groovy:75)
2014-10-23 17:16:30,172 [main] ERROR StackTrace  - Full Stack Trace:
java.lang.Exception: No tests found matching grails test target pattern filter from org.junit.runner.Request$1@116f155
	at org.junit.internal.requests.FilterRequest.getRunner(FilterRequest.java:35)
	at org.junit.runner.JUnitCore.run(JUnitCore.java:138)
2014-10-23 17:16:30,174 [main] ERROR StackTrace  - Full Stack Trace:
java.lang.Exception: No tests found matching grails test target pattern filter from org.junit.runner.Request$1@116f155
	at org.junit.internal.requests.FilterRequest.getRunner(FilterRequest.java:35)
	at org.junit.runner.JUnitCore.run(JUnitCore.java:138)
2014-10-23 17:16:30,174 [main] ERROR StackTrace  - Full Stack Trace:
java.lang.Exception: No tests found matching grails test target pattern filter from org.junit.runner.Request$1@116f155
	at org.junit.internal.requests.FilterRequest.getRunner(FilterRequest.java:35)
	at org.junit.runner.JUnitCore.run(JUnitCore.java:138)
2014-10-23 17:16:30,183 [main] ERROR StackTrace  - Full Stack Trace:
java.lang.Exception: No tests found matching grails test target pattern filter from org.junit.runner.Request$1@116f155
	at org.junit.internal.requests.FilterRequest.getRunner(FilterRequest.java:35)
	at org.junit.runner.JUnitCore.run(JUnitCore.java:138)
2014-10-23 17:16:30,183 [main] ERROR StackTrace  - Full Stack Trace:
java.lang.Exception: No tests found matching grails test target pattern filter from org.junit.runner.Request$1@116f155
	at org.junit.internal.requests.FilterRequest.getRunner(FilterRequest.java:35)
	at org.junit.runner.JUnitCore.run(JUnitCore.java:138)
2014-10-23 17:16:39,634 [main] ERROR StackTrace  - Full Stack Trace:
java.lang.NullPointerException: Cannot get property 'code' on null object
	at com.grailsinaction.UserIntegrationSpec.Saving a user with invalid properties causes an error(UserIntegrationSpec.groovy:67)
2014-10-23 17:16:39,634 [main] ERROR StackTrace  - Full Stack Trace:
java.lang.NullPointerException: Cannot get property 'code' on null object
	at com.grailsinaction.UserIntegrationSpec.Saving a user with invalid properties causes an error(UserIntegrationSpec.groovy:67)
2014-10-23 17:16:39,634 [main] ERROR StackTrace  - Full Stack Trace:
java.lang.NullPointerException: Cannot get property 'code' on null object
	at com.grailsinaction.UserIntegrationSpec.Saving a user with invalid properties causes an error(UserIntegrationSpec.groovy:67)
2014-10-23 17:16:39,634 [main] ERROR StackTrace  - Full Stack Trace:
java.lang.NullPointerException: Cannot get property 'code' on null object
	at com.grailsinaction.UserIntegrationSpec.Saving a user with invalid properties causes an error(UserIntegrationSpec.groovy:67)
2014-10-23 17:16:39,635 [main] ERROR StackTrace  - Full Stack Trace:
java.lang.NullPointerException: Cannot get property 'code' on null object
	at com.grailsinaction.UserIntegrationSpec.Saving a user with invalid properties causes an error(UserIntegrationSpec.groovy:67)
2014-10-23 17:16:39,635 [main] ERROR StackTrace  - Full Stack Trace:
java.lang.NullPointerException: Cannot get property 'code' on null object
	at com.grailsinaction.UserIntegrationSpec.Saving a user with invalid properties causes an error(UserIntegrationSpec.groovy:67)
2014-10-23 17:16:39,640 [main] ERROR StackTrace  - Full Stack Trace:
groovy.lang.MissingPropertyException: No such property: homepage for class: com.grailsinaction.User
	at com.grailsinaction.UserIntegrationSpec.Recovering from a failed save by fixing invalid properties(UserIntegrationSpec.groovy:81)
2014-10-23 17:16:39,644 [main] ERROR StackTrace  - Full Stack Trace:
groovy.lang.MissingPropertyException: No such property: homepage for class: com.grailsinaction.User
	at com.grailsinaction.UserIntegrationSpec.Recovering from a failed save by fixing invalid properties(UserIntegrationSpec.groovy:81)
2014-10-23 17:16:39,647 [main] ERROR StackTrace  - Full Stack Trace:
groovy.lang.MissingPropertyException: No such property: homepage for class: com.grailsinaction.User
	at com.grailsinaction.UserIntegrationSpec.Recovering from a failed save by fixing invalid properties(UserIntegrationSpec.groovy:81)
2014-10-23 17:16:39,649 [main] ERROR StackTrace  - Full Stack Trace:
groovy.lang.MissingPropertyException: No such property: homepage for class: com.grailsinaction.User
	at com.grailsinaction.UserIntegrationSpec.Recovering from a failed save by fixing invalid properties(UserIntegrationSpec.groovy:81)
2014-10-23 17:16:39,653 [main] ERROR StackTrace  - Full Stack Trace:
groovy.lang.MissingPropertyException: No such property: homepage for class: com.grailsinaction.User
	at com.grailsinaction.UserIntegrationSpec.Recovering from a failed save by fixing invalid properties(UserIntegrationSpec.groovy:81)
2014-10-23 17:16:39,655 [main] ERROR StackTrace  - Full Stack Trace:
groovy.lang.MissingPropertyException: No such property: homepage for class: com.grailsinaction.User
	at com.grailsinaction.UserIntegrationSpec.Recovering from a failed save by fixing invalid properties(UserIntegrationSpec.groovy:81)
2014-10-23 17:27:51,498 [main] ERROR StackTrace  - Full Stack Trace:
java.lang.Exception: No tests found matching grails test target pattern filter from org.junit.runner.Request$1@17bc00c
	at org.junit.internal.requests.FilterRequest.getRunner(FilterRequest.java:35)
	at org.junit.runner.JUnitCore.run(JUnitCore.java:138)
	at org.junit.runner.JUnitCore$run$0.call(Unknown Source)
	at org.codehaus.groovy.runtime.callsite.CallSiteArray.defaultCall(CallSiteArray.java:45)
	at org.codehaus.groovy.runtime.callsite.AbstractCallSite.call(AbstractCallSite.java:108)
	at org.codehaus.groovy.runtime.callsite.AbstractCallSite.call(AbstractCallSite.java:116)
	at org.codehaus.groovy.grails.test.spock.GrailsSpecTestType.doRun(GrailsSpecTestType.groovy:149)
	at org.codehaus.groovy.grails.test.support.GrailsTestTypeSupport.run(GrailsTestTypeSupport.groovy:121)
	at org.codehaus.groovy.grails.test.runner.GrailsProjectTestRunner.runTests(GrailsProjectTestRunner.groovy:417)
	at org.codehaus.groovy.grails.test.runner.GrailsProjectTestRunner.processTests(GrailsProjectTestRunner.groovy:397)
	at sun.reflect.NativeMethodAccessorImpl.invoke0(Native Method)
	at sun.reflect.NativeMethodAccessorImpl.invoke(NativeMethodAccessorImpl.java:57)
	at sun.reflect.DelegatingMethodAccessorImpl.invoke(DelegatingMethodAccessorImpl.java:43)
	at java.lang.reflect.Method.invoke(Method.java:606)
	at org.springsource.loaded.ri.ReflectiveInterceptor.jlrMethodInvoke(ReflectiveInterceptor.java:1254)
	at org.codehaus.groovy.reflection.CachedMethod.invoke(CachedMethod.java:90)
	at groovy.lang.MetaMethod.doMethodInvoke(MetaMethod.java:233)
	at groovy.lang.MetaClassImpl.invokeMethod(MetaClassImpl.java:1086)
	at groovy.lang.ExpandoMetaClass.invokeMethod(ExpandoMetaClass.java:1110)
	at groovy.lang.MetaClassImpl.invokeMethod(MetaClassImpl.java:910)
	at groovy.lang.MetaClassImpl.invokeMethod(MetaClassImpl.java:1031)
	at groovy.lang.ExpandoMetaClass.invokeMethod(ExpandoMetaClass.java:1110)
	at groovy.lang.MetaClassImpl.invokeMethod(MetaClassImpl.java:910)
	at org.codehaus.groovy.runtime.callsite.PogoMetaClassSite.callCurrent(PogoMetaClassSite.java:66)
	at org.codehaus.groovy.runtime.callsite.CallSiteArray.defaultCallCurrent(CallSiteArray.java:49)
	at org.codehaus.groovy.runtime.callsite.AbstractCallSite.callCurrent(AbstractCallSite.java:133)
	at org.codehaus.groovy.runtime.callsite.AbstractCallSite.callCurrent(AbstractCallSite.java:141)
	at org.codehaus.groovy.grails.test.runner.GrailsProjectTestRunner$_runAllTests_closure7.doCall(GrailsProjectTestRunner.groovy:315)
	at sun.reflect.NativeMethodAccessorImpl.invoke0(Native Method)
	at sun.reflect.NativeMethodAccessorImpl.invoke(NativeMethodAccessorImpl.java:57)
	at sun.reflect.DelegatingMethodAccessorImpl.invoke(DelegatingMethodAccessorImpl.java:43)
	at java.lang.reflect.Method.invoke(Method.java:606)
	at org.springsource.loaded.ri.ReflectiveInterceptor.jlrMethodInvoke(ReflectiveInterceptor.java:1254)
	at org.codehaus.groovy.reflection.CachedMethod.invoke(CachedMethod.java:90)
	at groovy.lang.MetaMethod.doMethodInvoke(MetaMethod.java:233)
	at groovy.lang.MetaClassImpl.invokeMethod(MetaClassImpl.java:1086)
	at groovy.lang.ExpandoMetaClass.invokeMethod(ExpandoMetaClass.java:1110)
	at groovy.lang.MetaClassImpl.invokeMethod(MetaClassImpl.java:910)
	at groovy.lang.Closure.call(Closure.java:411)
	at org.codehaus.groovy.runtime.DefaultGroovyMethods.callClosureForMapEntry(DefaultGroovyMethods.java:3873)
	at org.codehaus.groovy.runtime.DefaultGroovyMethods.each(DefaultGroovyMethods.java:1354)
	at org.codehaus.groovy.runtime.dgm$149.invoke(Unknown Source)
	at org.codehaus.groovy.runtime.callsite.PojoMetaMethodSite$PojoMetaMethodSiteNoUnwrapNoCoerce.invoke(PojoMetaMethodSite.java:271)
	at org.codehaus.groovy.runtime.callsite.PojoMetaMethodSite.call(PojoMetaMethodSite.java:53)
	at org.codehaus.groovy.runtime.callsite.CallSiteArray.defaultCall(CallSiteArray.java:45)
	at org.codehaus.groovy.runtime.callsite.AbstractCallSite.call(AbstractCallSite.java:108)
	at org.codehaus.groovy.runtime.callsite.AbstractCallSite.call(AbstractCallSite.java:116)
	at org.codehaus.groovy.grails.test.runner.GrailsProjectTestRunner.runAllTests(GrailsProjectTestRunner.groovy:301)
	at org.codehaus.groovy.grails.test.runner.GrailsProjectTestRunner.runAllTests(GrailsProjectTestRunner.groovy:216)
	at org.codehaus.groovy.grails.test.runner.GrailsProjectTestRunner.runAllTests(GrailsProjectTestRunner.groovy)
	at org.codehaus.groovy.grails.test.runner.GrailsProjectTestRunner$runAllTests$0.call(Unknown Source)
	at org.codehaus.groovy.runtime.callsite.CallSiteArray.defaultCall(CallSiteArray.java:45)
	at org.codehaus.groovy.runtime.callsite.AbstractCallSite.call(AbstractCallSite.java:108)
	at org.codehaus.groovy.runtime.callsite.AbstractCallSite.call(AbstractCallSite.java:116)
	at org.codehaus.groovy.grails.cli.fork.testing.ForkedGrailsTestRunner.runInstance(ForkedGrailsTestRunner.groovy:128)
	at org.codehaus.groovy.grails.cli.fork.ForkedGrailsProjectClassExecutor.run(ForkedGrailsProjectClassExecutor.groovy:74)
	at org.codehaus.groovy.grails.cli.fork.testing.ForkedGrailsTestRunner.main(ForkedGrailsTestRunner.groovy:75)
2014-10-23 17:27:51,500 [main] ERROR StackTrace  - Full Stack Trace:
java.lang.Exception: No tests found matching grails test target pattern filter from org.junit.runner.Request$1@17bc00c
	at org.junit.internal.requests.FilterRequest.getRunner(FilterRequest.java:35)
	at org.junit.runner.JUnitCore.run(JUnitCore.java:138)
2014-10-23 17:27:51,501 [main] ERROR StackTrace  - Full Stack Trace:
java.lang.Exception: No tests found matching grails test target pattern filter from org.junit.runner.Request$1@17bc00c
	at org.junit.internal.requests.FilterRequest.getRunner(FilterRequest.java:35)
	at org.junit.runner.JUnitCore.run(JUnitCore.java:138)
2014-10-23 17:27:51,502 [main] ERROR StackTrace  - Full Stack Trace:
java.lang.Exception: No tests found matching grails test target pattern filter from org.junit.runner.Request$1@17bc00c
	at org.junit.internal.requests.FilterRequest.getRunner(FilterRequest.java:35)
	at org.junit.runner.JUnitCore.run(JUnitCore.java:138)
2014-10-23 17:27:51,531 [main] ERROR StackTrace  - Full Stack Trace:
java.lang.Exception: No tests found matching grails test target pattern filter from org.junit.runner.Request$1@17bc00c
	at org.junit.internal.requests.FilterRequest.getRunner(FilterRequest.java:35)
	at org.junit.runner.JUnitCore.run(JUnitCore.java:138)
2014-10-23 17:27:51,531 [main] ERROR StackTrace  - Full Stack Trace:
java.lang.Exception: No tests found matching grails test target pattern filter from org.junit.runner.Request$1@17bc00c
	at org.junit.internal.requests.FilterRequest.getRunner(FilterRequest.java:35)
	at org.junit.runner.JUnitCore.run(JUnitCore.java:138)
2014-10-23 17:28:01,072 [main] ERROR StackTrace  - Full Stack Trace:
java.lang.NullPointerException: Cannot get property 'code' on null object
	at com.grailsinaction.UserIntegrationSpec.Saving a user with invalid properties causes an error(UserIntegrationSpec.groovy:67)
2014-10-23 17:28:01,073 [main] ERROR StackTrace  - Full Stack Trace:
java.lang.NullPointerException: Cannot get property 'code' on null object
	at com.grailsinaction.UserIntegrationSpec.Saving a user with invalid properties causes an error(UserIntegrationSpec.groovy:67)
2014-10-23 17:28:01,073 [main] ERROR StackTrace  - Full Stack Trace:
java.lang.NullPointerException: Cannot get property 'code' on null object
	at com.grailsinaction.UserIntegrationSpec.Saving a user with invalid properties causes an error(UserIntegrationSpec.groovy:67)
2014-10-23 17:28:01,073 [main] ERROR StackTrace  - Full Stack Trace:
java.lang.NullPointerException: Cannot get property 'code' on null object
	at com.grailsinaction.UserIntegrationSpec.Saving a user with invalid properties causes an error(UserIntegrationSpec.groovy:67)
2014-10-23 17:28:01,073 [main] ERROR StackTrace  - Full Stack Trace:
java.lang.NullPointerException: Cannot get property 'code' on null object
	at com.grailsinaction.UserIntegrationSpec.Saving a user with invalid properties causes an error(UserIntegrationSpec.groovy:67)
2014-10-23 17:28:01,073 [main] ERROR StackTrace  - Full Stack Trace:
java.lang.NullPointerException: Cannot get property 'code' on null object
	at com.grailsinaction.UserIntegrationSpec.Saving a user with invalid properties causes an error(UserIntegrationSpec.groovy:67)
2014-10-23 17:28:01,079 [main] ERROR StackTrace  - Full Stack Trace:
groovy.lang.MissingPropertyException: No such property: homepage for class: com.grailsinaction.User
	at com.grailsinaction.UserIntegrationSpec.Recovering from a failed save by fixing invalid properties(UserIntegrationSpec.groovy:81)
2014-10-23 17:28:01,084 [main] ERROR StackTrace  - Full Stack Trace:
groovy.lang.MissingPropertyException: No such property: homepage for class: com.grailsinaction.User
	at com.grailsinaction.UserIntegrationSpec.Recovering from a failed save by fixing invalid properties(UserIntegrationSpec.groovy:81)
2014-10-23 17:28:01,087 [main] ERROR StackTrace  - Full Stack Trace:
groovy.lang.MissingPropertyException: No such property: homepage for class: com.grailsinaction.User
	at com.grailsinaction.UserIntegrationSpec.Recovering from a failed save by fixing invalid properties(UserIntegrationSpec.groovy:81)
2014-10-23 17:28:01,088 [main] ERROR StackTrace  - Full Stack Trace:
groovy.lang.MissingPropertyException: No such property: homepage for class: com.grailsinaction.User
	at com.grailsinaction.UserIntegrationSpec.Recovering from a failed save by fixing invalid properties(UserIntegrationSpec.groovy:81)
2014-10-23 17:28:01,093 [main] ERROR StackTrace  - Full Stack Trace:
groovy.lang.MissingPropertyException: No such property: homepage for class: com.grailsinaction.User
	at com.grailsinaction.UserIntegrationSpec.Recovering from a failed save by fixing invalid properties(UserIntegrationSpec.groovy:81)
2014-10-23 17:28:01,094 [main] ERROR StackTrace  - Full Stack Trace:
groovy.lang.MissingPropertyException: No such property: homepage for class: com.grailsinaction.User
	at com.grailsinaction.UserIntegrationSpec.Recovering from a failed save by fixing invalid properties(UserIntegrationSpec.groovy:81)
2014-10-23 17:32:25,271 [main] ERROR StackTrace  - Full Stack Trace:
java.lang.Exception: No tests found matching grails test target pattern filter from org.junit.runner.Request$1@17bc00c
	at org.junit.internal.requests.FilterRequest.getRunner(FilterRequest.java:35)
	at org.junit.runner.JUnitCore.run(JUnitCore.java:138)
	at org.junit.runner.JUnitCore$run$0.call(Unknown Source)
	at org.codehaus.groovy.runtime.callsite.CallSiteArray.defaultCall(CallSiteArray.java:45)
	at org.codehaus.groovy.runtime.callsite.AbstractCallSite.call(AbstractCallSite.java:108)
	at org.codehaus.groovy.runtime.callsite.AbstractCallSite.call(AbstractCallSite.java:116)
	at org.codehaus.groovy.grails.test.spock.GrailsSpecTestType.doRun(GrailsSpecTestType.groovy:149)
	at org.codehaus.groovy.grails.test.support.GrailsTestTypeSupport.run(GrailsTestTypeSupport.groovy:121)
	at org.codehaus.groovy.grails.test.runner.GrailsProjectTestRunner.runTests(GrailsProjectTestRunner.groovy:417)
	at org.codehaus.groovy.grails.test.runner.GrailsProjectTestRunner.processTests(GrailsProjectTestRunner.groovy:397)
	at sun.reflect.NativeMethodAccessorImpl.invoke0(Native Method)
	at sun.reflect.NativeMethodAccessorImpl.invoke(NativeMethodAccessorImpl.java:57)
	at sun.reflect.DelegatingMethodAccessorImpl.invoke(DelegatingMethodAccessorImpl.java:43)
	at java.lang.reflect.Method.invoke(Method.java:606)
	at org.springsource.loaded.ri.ReflectiveInterceptor.jlrMethodInvoke(ReflectiveInterceptor.java:1254)
	at org.codehaus.groovy.reflection.CachedMethod.invoke(CachedMethod.java:90)
	at groovy.lang.MetaMethod.doMethodInvoke(MetaMethod.java:233)
	at groovy.lang.MetaClassImpl.invokeMethod(MetaClassImpl.java:1086)
	at groovy.lang.ExpandoMetaClass.invokeMethod(ExpandoMetaClass.java:1110)
	at groovy.lang.MetaClassImpl.invokeMethod(MetaClassImpl.java:910)
	at groovy.lang.MetaClassImpl.invokeMethod(MetaClassImpl.java:1031)
	at groovy.lang.ExpandoMetaClass.invokeMethod(ExpandoMetaClass.java:1110)
	at groovy.lang.MetaClassImpl.invokeMethod(MetaClassImpl.java:910)
	at org.codehaus.groovy.runtime.callsite.PogoMetaClassSite.callCurrent(PogoMetaClassSite.java:66)
	at org.codehaus.groovy.runtime.callsite.CallSiteArray.defaultCallCurrent(CallSiteArray.java:49)
	at org.codehaus.groovy.runtime.callsite.AbstractCallSite.callCurrent(AbstractCallSite.java:133)
	at org.codehaus.groovy.runtime.callsite.AbstractCallSite.callCurrent(AbstractCallSite.java:141)
	at org.codehaus.groovy.grails.test.runner.GrailsProjectTestRunner$_runAllTests_closure7.doCall(GrailsProjectTestRunner.groovy:315)
	at sun.reflect.NativeMethodAccessorImpl.invoke0(Native Method)
	at sun.reflect.NativeMethodAccessorImpl.invoke(NativeMethodAccessorImpl.java:57)
	at sun.reflect.DelegatingMethodAccessorImpl.invoke(DelegatingMethodAccessorImpl.java:43)
	at java.lang.reflect.Method.invoke(Method.java:606)
	at org.springsource.loaded.ri.ReflectiveInterceptor.jlrMethodInvoke(ReflectiveInterceptor.java:1254)
	at org.codehaus.groovy.reflection.CachedMethod.invoke(CachedMethod.java:90)
	at groovy.lang.MetaMethod.doMethodInvoke(MetaMethod.java:233)
	at groovy.lang.MetaClassImpl.invokeMethod(MetaClassImpl.java:1086)
	at groovy.lang.ExpandoMetaClass.invokeMethod(ExpandoMetaClass.java:1110)
	at groovy.lang.MetaClassImpl.invokeMethod(MetaClassImpl.java:910)
	at groovy.lang.Closure.call(Closure.java:411)
	at org.codehaus.groovy.runtime.DefaultGroovyMethods.callClosureForMapEntry(DefaultGroovyMethods.java:3873)
	at org.codehaus.groovy.runtime.DefaultGroovyMethods.each(DefaultGroovyMethods.java:1354)
	at org.codehaus.groovy.runtime.dgm$149.invoke(Unknown Source)
	at org.codehaus.groovy.runtime.callsite.PojoMetaMethodSite$PojoMetaMethodSiteNoUnwrapNoCoerce.invoke(PojoMetaMethodSite.java:271)
	at org.codehaus.groovy.runtime.callsite.PojoMetaMethodSite.call(PojoMetaMethodSite.java:53)
	at org.codehaus.groovy.runtime.callsite.CallSiteArray.defaultCall(CallSiteArray.java:45)
	at org.codehaus.groovy.runtime.callsite.AbstractCallSite.call(AbstractCallSite.java:108)
	at org.codehaus.groovy.runtime.callsite.AbstractCallSite.call(AbstractCallSite.java:116)
	at org.codehaus.groovy.grails.test.runner.GrailsProjectTestRunner.runAllTests(GrailsProjectTestRunner.groovy:301)
	at org.codehaus.groovy.grails.test.runner.GrailsProjectTestRunner.runAllTests(GrailsProjectTestRunner.groovy:216)
	at org.codehaus.groovy.grails.test.runner.GrailsProjectTestRunner.runAllTests(GrailsProjectTestRunner.groovy)
	at org.codehaus.groovy.grails.test.runner.GrailsProjectTestRunner$runAllTests$0.call(Unknown Source)
	at org.codehaus.groovy.runtime.callsite.CallSiteArray.defaultCall(CallSiteArray.java:45)
	at org.codehaus.groovy.runtime.callsite.AbstractCallSite.call(AbstractCallSite.java:108)
	at org.codehaus.groovy.runtime.callsite.AbstractCallSite.call(AbstractCallSite.java:116)
	at org.codehaus.groovy.grails.cli.fork.testing.ForkedGrailsTestRunner.runInstance(ForkedGrailsTestRunner.groovy:128)
	at org.codehaus.groovy.grails.cli.fork.ForkedGrailsProjectClassExecutor.run(ForkedGrailsProjectClassExecutor.groovy:74)
	at org.codehaus.groovy.grails.cli.fork.testing.ForkedGrailsTestRunner.main(ForkedGrailsTestRunner.groovy:75)
2014-10-23 17:32:25,274 [main] ERROR StackTrace  - Full Stack Trace:
java.lang.Exception: No tests found matching grails test target pattern filter from org.junit.runner.Request$1@17bc00c
	at org.junit.internal.requests.FilterRequest.getRunner(FilterRequest.java:35)
	at org.junit.runner.JUnitCore.run(JUnitCore.java:138)
2014-10-23 17:32:25,274 [main] ERROR StackTrace  - Full Stack Trace:
java.lang.Exception: No tests found matching grails test target pattern filter from org.junit.runner.Request$1@17bc00c
	at org.junit.internal.requests.FilterRequest.getRunner(FilterRequest.java:35)
	at org.junit.runner.JUnitCore.run(JUnitCore.java:138)
2014-10-23 17:32:25,274 [main] ERROR StackTrace  - Full Stack Trace:
java.lang.Exception: No tests found matching grails test target pattern filter from org.junit.runner.Request$1@17bc00c
	at org.junit.internal.requests.FilterRequest.getRunner(FilterRequest.java:35)
	at org.junit.runner.JUnitCore.run(JUnitCore.java:138)
2014-10-23 17:32:25,283 [main] ERROR StackTrace  - Full Stack Trace:
java.lang.Exception: No tests found matching grails test target pattern filter from org.junit.runner.Request$1@17bc00c
	at org.junit.internal.requests.FilterRequest.getRunner(FilterRequest.java:35)
	at org.junit.runner.JUnitCore.run(JUnitCore.java:138)
2014-10-23 17:32:25,283 [main] ERROR StackTrace  - Full Stack Trace:
java.lang.Exception: No tests found matching grails test target pattern filter from org.junit.runner.Request$1@17bc00c
	at org.junit.internal.requests.FilterRequest.getRunner(FilterRequest.java:35)
	at org.junit.runner.JUnitCore.run(JUnitCore.java:138)
2014-10-23 17:42:47,799 [main] ERROR StackTrace  - Full Stack Trace:
java.lang.NullPointerException: Cannot get property 'posts' on null object
	at com.grailsinaction.PostIntegrationSpec.Adding posts to user links post to user(PostIntegrationSpec.groovy:23)
2014-10-23 17:42:47,802 [main] ERROR StackTrace  - Full Stack Trace:
java.lang.NullPointerException: Cannot get property 'posts' on null object
	at com.grailsinaction.PostIntegrationSpec.Adding posts to user links post to user(PostIntegrationSpec.groovy:23)
2014-10-23 17:42:47,803 [main] ERROR StackTrace  - Full Stack Trace:
java.lang.NullPointerException: Cannot get property 'posts' on null object
	at com.grailsinaction.PostIntegrationSpec.Adding posts to user links post to user(PostIntegrationSpec.groovy:23)
2014-10-23 17:42:47,803 [main] ERROR StackTrace  - Full Stack Trace:
java.lang.NullPointerException: Cannot get property 'posts' on null object
	at com.grailsinaction.PostIntegrationSpec.Adding posts to user links post to user(PostIntegrationSpec.groovy:23)
2014-10-23 17:42:47,811 [main] ERROR StackTrace  - Full Stack Trace:
java.lang.NullPointerException: Cannot get property 'posts' on null object
	at com.grailsinaction.PostIntegrationSpec.Adding posts to user links post to user(PostIntegrationSpec.groovy:23)
2014-10-23 17:42:47,811 [main] ERROR StackTrace  - Full Stack Trace:
java.lang.NullPointerException: Cannot get property 'posts' on null object
	at com.grailsinaction.PostIntegrationSpec.Adding posts to user links post to user(PostIntegrationSpec.groovy:23)
